<?xml version="1.0" encoding="UTF-8"?>
<testng-results skipped="0" failed="0" ignored="0" total="1" passed="1">
  <reporter-output>
  </reporter-output>
  <suite name="Default suite" duration-ms="84" started-at="2022-05-08T16:19:46 IST" finished-at="2022-05-08T16:19:46 IST">
    <groups>
    </groups>
    <test name="Default test" duration-ms="84" started-at="2022-05-08T16:19:46 IST" finished-at="2022-05-08T16:19:46 IST">
      <class name="browseroprations.Sample">
        <test-method status="PASS" signature="smokeTC1()[pri:0, instance:browseroprations.Sample@59e5ddf]" name="smokeTC1" duration-ms="15" started-at="2022-05-08T16:19:46 IST" finished-at="2022-05-08T16:19:46 IST">
          <reporter-output>
          </reporter-output>
        </test-method> <!-- smokeTC1 -->
      </class> <!-- browseroprations.Sample -->
    </test> <!-- Default test -->
  </suite> <!-- Default suite -->
</testng-results>
